UCFLive/app/build/outputs/mapping/debug/seeds.txt
com.lb.UCFKnightsLive.data.DetailActivity
com.lb.UCFKnightsLive.data.DetailActivity: DetailActivity()
com.lb.UCFKnightsLive.data.Jitsi
com.lb.UCFKnightsLive.data.Jitsi: Jitsi()
com.lb.UCFKnightsLive.data.Main
com.lb.UCFKnightsLive.data.Main: Main()
com.lb.UCFKnightsLive.data.Main: void onClick(android.view.View)
com.lb.UCFKnightsLive.data.MainActivity
com.lb.UCFKnightsLive.data.MainActivity: MainActivity()
com.lb.UCFKnightsLive.data.PrefsActivity
com.lb.UCFKnightsLive.data.PrefsActivity: PrefsActivity()
com.lb.UCFKnightsLive.data.R$anim: int abc_fade_in
com.lb.UCFKnightsLive.data.R$anim: int abc_fade_out
com.lb.UCFKnightsLive.data.R$anim: int abc_grow_fade_in_from_bottom
com.lb.UCFKnightsLive.data.R$anim: int abc_popup_enter
com.lb.UCFKnightsLive.data.R$anim: int abc_popup_exit
com.lb.UCFKnightsLive.data.R$anim: int abc_shrink_fade_out_from_bottom
com.lb.UCFKnightsLive.data.R$anim: int abc_slide_in_bottom
com.lb.UCFKnightsLive.data.R$anim: int abc_slide_in_top
com.lb.UCFKnightsLive.data.R$anim: int abc_slide_out_bottom
com.lb.UCFKnightsLive.data.R$anim: int abc_slide_out_top
com.lb.UCFKnightsLive.data.R$anim: int abc_tooltip_enter
com.lb.UCFKnightsLive.data.R$anim: int abc_tooltip_exit
com.lb.UCFKnightsLive.data.R$anim: int catalyst_fade_in
com.lb.UCFKnightsLive.data.R$anim: int catalyst_fade_out
com.lb.UCFKnightsLive.data.R$anim: int catalyst_push_up_in
com.lb.UCFKnightsLive.data.R$anim: int catalyst_push_up_out
com.lb.UCFKnightsLive.data.R$anim: int catalyst_slide_down
com.lb.UCFKnightsLive.data.R$anim: int catalyst_slide_up
com.lb.UCFKnightsLive.data.R$anim: int design_bottom_sheet_slide_in
com.lb.UCFKnightsLive.data.R$anim: int design_bottom_sheet_slide_out
com.lb.UCFKnightsLive.data.R$anim: int design_snackbar_in
com.lb.UCFKnightsLive.data.R$anim: int design_snackbar_out
com.lb.UCFKnightsLive.data.R$animator: int design_appbar_state_list_animator
com.lb.UCFKnightsLive.data.R$animator: int design_fab_hide_motion_spec
com.lb.UCFKnightsLive.data.R$animator: int design_fab_show_motion_spec
com.lb.UCFKnightsLive.data.R$animator: int mtrl_btn_state_list_anim
com.lb.UCFKnightsLive.data.R$animator: int mtrl_btn_unelevated_state_list_anim
com.lb.UCFKnightsLive.data.R$animator: int mtrl_chip_state_list_anim
com.lb.UCFKnightsLive.data.R$animator: int mtrl_fab_hide_motion_spec
com.lb.UCFKnightsLive.data.R$animator: int mtrl_fab_show_motion_spec
com.lb.UCFKnightsLive.data.R$animator: int mtrl_fab_transformation_sheet_collapse_spec
com.lb.UCFKnightsLive.data.R$animator: int mtrl_fab_transformation_sheet_expand_spec
com.lb.UCFKnightsLive.data.R$array: int categories
com.lb.UCFKnightsLive.data.R$array: int categories2
...
com.facebook.react.bridge.JavaMethodWrapper$10
com.facebook.react.bridge.JavaMethodWrapper$10: JavaMethodWrapper$10()
com.facebook.react.bridge.JavaMethodWrapper$10: int getJSArgumentsNeeded()
com.facebook.react.bridge.JavaMethodWrapper$10: com.facebook.react.bridge.Promise extractArgument(com.facebook.react.bridge.JSInstance,com.facebook.react.bridge.ReadableNativeArray,int)
com.facebook.react.bridge.JavaMethodWrapper$10: java.lang.Object extractArgument(com.facebook.react.bridge.JSInstance,com.facebook.react.bridge.ReadableNativeArray,int)
com.facebook.react.bridge.JavaMethodWrapper$2
com.facebook.react.bridge.JavaMethodWrapper$2: JavaMethodWrapper$2()
com.facebook.react.bridge.JavaMethodWrapper$2: java.lang.Double extractArgument(com.facebook.react.bridge.JSInstance,com.facebook.react.bridge.ReadableNativeArray,int)
com.facebook.react.bridge.JavaMethodWrapper$2: java.lang.Object extractArgument(com.facebook.react.bridge.JSInstance,com.facebook.react.bridge.ReadableNativeArray,int)
com.facebook.react.bridge.JavaMethodWrapper$3
com.facebook.react.bridge.JavaMethodWrapper$3: JavaMethodWrapper$3()
com.facebook.react.bridge.JavaMethodWrapper$3: java.lang.Float extractArgument(com.facebook.react.bridge.JSInstance,com.facebook.react.bridge.ReadableNativeArray,int)
com.facebook.react.bridge.JavaMethodWrapper$3: java.lang.Object extractArgument(com.facebook.react.bridge.JSInstance,com.facebook.react.bridge.ReadableNativeArray,int)
com.facebook.react.bridge.JavaMethodWrapper$4
com.facebook.react.bridge.JavaMethodWrapper$4: JavaMethodWrapper$4()
com.facebook.react.bridge.JavaMethodWrapper$4: java.lang.Integer extractArgument(com.facebook.react.bridge.JSInstance,com.facebook.react.bridge.ReadableNativeArray,int)
com.facebook.react.bridge.JavaMethodWrapper$4: java.lang.Object extractArgument(com.facebook.react.bridge.JSInstance,com.facebook.react.bridge.ReadableNativeArray,int)
com.facebook.react.bridge.JavaMethodWrapper$5
com.facebook.react.bridge.JavaMethodWrapper$5: JavaMethodWrapper$5()
com.facebook.react.bridge.JavaMethodWrapper$5: java.lang.String extractArgument(com.facebook.react.bridge.JSInstance,com.facebook.react.bridge.ReadableNativeArray,int)
com.facebook.react.bridge.JavaMethodWrapper$5: java.lang.Object extractArgument(com.facebook.react.bridge.JSInstance,com.facebook.react.bridge.ReadableNativeArray,int)
com.facebook.react.bridge.JavaMethodWrapper$6
com.facebook.react.bridge.JavaMethodWrapper$6: JavaMethodWrapper$6()
com.facebook.react.bridge.JavaMethodWrapper$6: com.facebook.react.bridge.ReadableNativeArray extractArgument(com.facebook.react.bridge.JSInstance,com.facebook.react.bridge.ReadableNativeArray,int)
com.facebook.react.bridge.JavaMethodWrapper$6: java.lang.Object extractArgument(com.facebook.react.bridge.JSInstance,com.facebook.react.bridge.ReadableNativeArray,int)
com.facebook.react.bridge.JavaMethodWrapper$7
com.facebook.react.bridge.JavaMethodWrapper$7: JavaMethodWrapper$7()
com.facebook.react.bridge.JavaMethodWrapper$7: com.facebook.react.bridge.Dynamic extractArgument(com.facebook.react.bridge.JSInstance,com.facebook.react.bridge.ReadableNativeArray,int)
com.facebook.react.bridge.JavaMethodWrapper$7: java.lang.Object extractArgument(com.facebook.react.bridge.JSInstance,com.facebook.react.bridge.ReadableNativeArray,int)
com.facebook.react.bridge.JavaMethodWrapper$8
com.facebook.react.bridge.JavaMethodWrapper$8: JavaMethodWrapper$8()
com.facebook.react.bridge.JavaMethodWrapper$8: com.facebook.react.bridge.ReadableMap extractArgument(com.facebook.react.bridge.JSInstance,com.facebook.react.bridge.ReadableNativeArray,int)
com.facebook.react.bridge.JavaMethodWrapper$8: java.lang.Object extractArgument(com.facebook.react.bridge.JSInstance,com.facebook.react.bridge.ReadableNativeArray,int)