UCFLive/app/build/outputs/mapping/debug/mapping.txt
com.lb.UCFKnightsLive.data.DataItemAdapter -> com.lb.UCFKnightsLive.data.a:
    java.util.List mItems -> a
    android.content.Context mContext -> b
    android.content.SharedPreferences$OnSharedPreferenceChangeListener prefsListener -> c
    void <init>(android.content.Context,java.util.List) -> <init>
    com.lb.UCFKnightsLive.data.DataItemAdapter$ViewHolder onCreateViewHolder(android.view.ViewGroup,int) -> a
    void onBindViewHolder(com.lb.UCFKnightsLive.data.DataItemAdapter$ViewHolder,int) -> a
    int getItemCount() -> a
    void onBindViewHolder(android.support.v7.widget.RecyclerView$ViewHolder,int) -> a
    android.support.v7.widget.RecyclerView$ViewHolder onCreateViewHolder(android.view.ViewGroup,int) -> b
    android.content.Context access$000(com.lb.UCFKnightsLive.data.DataItemAdapter) -> a
com.lb.UCFKnightsLive.data.DataItemAdapter$1 -> com.lb.UCFKnightsLive.data.a$1:
    com.lb.UCFKnightsLive.data.DataItemAdapter this$0 -> a
    void <init>(com.lb.UCFKnightsLive.data.DataItemAdapter) -> <init>
    void onSharedPreferenceChanged(android.content.SharedPreferences,java.lang.String) -> onSharedPreferenceChanged
com.lb.UCFKnightsLive.data.DataItemAdapter$2 -> com.lb.UCFKnightsLive.data.a$2:
    com.lb.UCFKnightsLive.data.model.DataItem val$item -> a
    com.lb.UCFKnightsLive.data.DataItemAdapter this$0 -> b
    void <init>(com.lb.UCFKnightsLive.data.DataItemAdapter,com.lb.UCFKnightsLive.data.model.DataItem) -> <init>
    void onClick(android.view.View) -> onClick
com.lb.UCFKnightsLive.data.DataItemAdapter$3 -> com.lb.UCFKnightsLive.data.a$3:
    com.lb.UCFKnightsLive.data.model.DataItem val$item -> a
    com.lb.UCFKnightsLive.data.DataItemAdapter this$0 -> b
    void <init>(com.lb.UCFKnightsLive.data.DataItemAdapter,com.lb.UCFKnightsLive.data.model.DataItem) -> <init>
    boolean onLongClick(android.view.View) -> onLongClick
com.lb.UCFKnightsLive.data.DataItemAdapter$ViewHolder -> com.lb.UCFKnightsLive.data.a$a:
    android.widget.TextView titleName -> q
    android.widget.ImageView imageView -> r
    android.view.View mView -> s
    void <init>(android.view.View) -> <init>
com.lb.UCFKnightsLive.data.DetailActivity -> com.lb.UCFKnightsLive.data.DetailActivity:
    android.widget.TextView titleName -> a
    android.widget.TextView videoDescription -> b
    android.widget.ImageView itemImage -> c
    android.widget.Button jitsi_sign_in_button -> d
    void <init>() -> <init>
    void onCreate(android.os.Bundle) -> onCreate
    void openJitsi() -> a
com.lb.UCFKnightsLive.data.DetailActivity$1 -> com.lb.UCFKnightsLive.data.DetailActivity$1:
    com.lb.UCFKnightsLive.data.DetailActivity this$0 -> a
    void <init>(com.lb.UCFKnightsLive.data.DetailActivity) -> <init>
    void onClick(android.view.View) -> onClick
com.lb.UCFKnightsLive.data.Jitsi -> com.lb.UCFKnightsLive.data.Jitsi:
    android.webkit.WebView web -> a
    java.lang.String url -> b
    void <init>() -> <init>
    void onCreate(android.os.Bundle) -> onCreate
com.lb.UCFKnightsLive.data.Main -> com.lb.UCFKnightsLive.data.Main:
    void <init>() -> <init>
    void onCreate(android.os.Bundle) -> onCreate
    void onClick(android.view.View) -> onClick
com.lb.UCFKnightsLive.data.Main$1 -> com.lb.UCFKnightsLive.data.Main$1:
com.lb.UCFKnightsLive.data.Main$LongRunningGetIO -> com.lb.UCFKnightsLive.data.Main$a:
    com.lb.UCFKnightsLive.data.Main this$0 -> a
    void <init>(com.lb.UCFKnightsLive.data.Main) -> <init>
    java.lang.String getASCIIContentFromEntity(org.apache.http.HttpEntity) -> a
    java.lang.String doInBackground(java.lang.Void[]) -> a
    void onPostExecute(java.lang.String) -> a
    void onPostExecute(java.lang.Object) -> onPostExecute
    java.lang.Object doInBackground(java.lang.Object[]) -> doInBackground
    void <init>(com.lb.UCFKnightsLive.data.Main,com.lb.UCFKnightsLive.data.Main$1) -> <init>
...
com.facebook.react.animated.TransformAnimatedNode -> com.facebook.react.animated.r:
    com.facebook.react.animated.NativeAnimatedNodesManager mNativeAnimatedNodesManager -> e
    java.util.List mTransformConfigs -> f
    void <init>(com.facebook.react.bridge.ReadableMap,com.facebook.react.animated.NativeAnimatedNodesManager) -> <init>
    void collectViewUpdates(com.facebook.react.bridge.JavaOnlyMap) -> a
com.facebook.react.animated.TransformAnimatedNode$1 -> com.facebook.react.animated.r$1:
com.facebook.react.animated.TransformAnimatedNode$AnimatedTransformConfig -> com.facebook.react.animated.r$a:
    int mNodeTag -> a
    com.facebook.react.animated.TransformAnimatedNode this$0 -> b
    void <init>(com.facebook.react.animated.TransformAnimatedNode) -> <init>
    void <init>(com.facebook.react.animated.TransformAnimatedNode,com.facebook.react.animated.TransformAnimatedNode$1) -> <init>
com.facebook.react.animated.TransformAnimatedNode$StaticTransformConfig -> com.facebook.react.animated.r$b:
    double mValue -> a
    com.facebook.react.animated.TransformAnimatedNode this$0 -> b
    void <init>(com.facebook.react.animated.TransformAnimatedNode) -> <init>
    void <init>(com.facebook.react.animated.TransformAnimatedNode,com.facebook.react.animated.TransformAnimatedNode$1) -> <init>
com.facebook.react.animated.TransformAnimatedNode$TransformConfig -> com.facebook.react.animated.r$c:
    java.lang.String mProperty -> c
    com.facebook.react.animated.TransformAnimatedNode this$0 -> d
    void <init>(com.facebook.react.animated.TransformAnimatedNode) -> <init>
    void <init>(com.facebook.react.animated.TransformAnimatedNode,com.facebook.react.animated.TransformAnimatedNode$1) -> <init>
com.facebook.react.animated.ValueAnimatedNode -> com.facebook.react.animated.s:
    double mValue -> e
    double mOffset -> f
    com.facebook.react.animated.AnimatedNodeValueListener mValueListener -> g
    void <init>() -> <init>
    void <init>(com.facebook.react.bridge.ReadableMap) -> <init>
    double getValue() -> b
    void flattenOffset() -> c
    void extractOffset() -> d
    void onValueUpdate() -> e
    void setValueListener(com.facebook.react.animated.AnimatedNodeValueListener) -> a
com.facebook.react.animation.Animation -> com.facebook.react.a.a:
    int mAnimationID -> a
    com.facebook.react.animation.AnimationPropertyUpdater mPropertyUpdater -> b
    boolean mCancelled -> c
    boolean mIsFinished -> d
    com.facebook.react.animation.AnimationListener mAnimationListener -> e
    android.view.View mAnimatedView -> f
    void setAnimationListener(com.facebook.react.animation.AnimationListener) -> a
    void start(android.view.View) -> a
    void run() -> a
    void cancel() -> b
    int getAnimationID() -> c
com.facebook.react.animation.AnimationListener -> com.facebook.react.a.b:
    void onCancel() -> a
com.facebook.react.animation.AnimationPropertyUpdater -> com.facebook.react.a.c:
    void prepare(android.view.View) -> a
com.facebook.react.animation.AnimationRegistry -> com.facebook.react.a.d:
    android.util.SparseArray mRegistry -> a
    void <init>() -> <init>
    void registerAnimation(com.facebook.react.animation.Animation) -> a
    com.facebook.react.animation.Animation getAnimation(int) -> a
    com.facebook.react.animation.Animation removeAnimation(int) -> b
com.facebook.react.bridge.ActivityEventListener -> com.facebook.react.bridge.ActivityEventListener:
    void onActivityResult(android.app.Activity,int,int,android.content.Intent) -> onActivityResult
    void onNewIntent(android.content.Intent) -> onNewIntent