UCFLive/app/build/outputs/mapping/debug/usage.txt
com.lb.UCFKnightsLive.data.ArchiveActivity
com.lb.UCFKnightsLive.data.BuildConfig
com.lb.UCFKnightsLive.data.Config
com.lb.UCFKnightsLive.data.DataItemAdapter:
    static final java.lang.String ITEM_KEY
com.lb.UCFKnightsLive.data.DataItemAdapterListView
com.lb.UCFKnightsLive.data.DetailActivity:
    106:108:public void openMain()
com.lb.UCFKnightsLive.data.FullscreenActivity
com.lb.UCFKnightsLive.data.Jitsi$MyBrowser
com.lb.UCFKnightsLive.data.MainActivity:
    private static final int SIGNIN_REQUEST
    public static final java.lang.String MY_GLOBAL_PREFS
com.lb.UCFKnightsLive.data.MainActivityJitsi
com.lb.UCFKnightsLive.data.MainActivityJitsi$1
com.lb.UCFKnightsLive.data.PrefsActivity:
    private static final java.lang.String TAG
com.lb.UCFKnightsLive.data.R
com.lb.UCFKnightsLive.data.R$anim
com.lb.UCFKnightsLive.data.R$animator
com.lb.UCFKnightsLive.data.R$array
com.lb.UCFKnightsLive.data.R$attr
com.lb.UCFKnightsLive.data.R$bool
com.lb.UCFKnightsLive.data.R$color
com.lb.UCFKnightsLive.data.R$dimen
com.lb.UCFKnightsLive.data.R$drawable
com.lb.UCFKnightsLive.data.R$id
com.lb.UCFKnightsLive.data.R$integer
com.lb.UCFKnightsLive.data.R$interpolator
com.lb.UCFKnightsLive.data.R$layout
com.lb.UCFKnightsLive.data.R$menu
com.lb.UCFKnightsLive.data.R$mipmap
com.lb.UCFKnightsLive.data.R$raw
com.lb.UCFKnightsLive.data.R$string
com.lb.UCFKnightsLive.data.R$style
com.lb.UCFKnightsLive.data.R$styleable
com.lb.UCFKnightsLive.data.R$xml
com.lb.UCFKnightsLive.data.SigninActivity:
    public static final java.lang.String EMAIL_KEY
com.lb.UCFKnightsLive.data.database.DBHelper:
    public static final java.lang.String DB_FILE_NAME
    public static final int DB_VERSION
com.lb.UCFKnightsLive.data.database.ItemsTable:
    public static final java.lang.String TABLE_ITEMS
    public static final java.lang.String COLUMN_ID
    public static final java.lang.String COLUMN_NAME
    public static final java.lang.String COLUMN_DESCRIPTION
    public static final java.lang.String COLUMN_CATEGORY
    public static final java.lang.String COLUMN_POSITION
    public static final java.lang.String COLUMN_IMAGE
    public static final java.lang.String SQL_CREATE
    public static final java.lang.String SQL_DELETE
    3:3:public ItemsTable()
com.lb.UCFKnightsLive.data.model.DataItem:
    60:60:public java.lang.String getCategory()
    68:68:public int getSortPosition()
com.lb.UCFKnightsLive.data.sample.SampleDataProvider:
    9:9:public SampleDataProvider()
...
org.apache.http.impl.conn.InMemoryDnsResolver
org.apache.http.impl.conn.LoggingInputStream
org.apache.http.impl.conn.LoggingManagedHttpClientConnection
org.apache.http.impl.conn.LoggingOutputStream
org.apache.http.impl.conn.ManagedHttpClientConnectionFactory
org.apache.http.impl.conn.PoolingHttpClientConnectionManager
org.apache.http.impl.conn.PoolingHttpClientConnectionManager$1
org.apache.http.impl.conn.PoolingHttpClientConnectionManager$ConfigData
org.apache.http.impl.conn.PoolingHttpClientConnectionManager$InternalConnectionFactory
org.apache.http.impl.conn.SystemDefaultDnsResolver
org.apache.http.impl.conn.SystemDefaultRoutePlanner
org.apache.http.impl.conn.SystemDefaultRoutePlanner$1
org.apache.http.impl.conn.WireHC4
org.apache.http.impl.cookie.AbstractCookieAttributeHandlerHC4
org.apache.http.impl.cookie.AbstractCookieSpecHC4
org.apache.http.impl.cookie.BasicClientCookie2HC4
org.apache.http.impl.cookie.BasicClientCookieHC4
org.apache.http.impl.cookie.BasicCommentHandlerHC4
org.apache.http.impl.cookie.BasicDomainHandlerHC4
org.apache.http.impl.cookie.BasicExpiresHandlerHC4
org.apache.http.impl.cookie.BasicMaxAgeHandlerHC4
org.apache.http.impl.cookie.BasicPathHandlerHC4
org.apache.http.impl.cookie.BasicSecureHandlerHC4
org.apache.http.impl.cookie.BestMatchSpecFactoryHC4
org.apache.http.impl.cookie.BestMatchSpecHC4
org.apache.http.impl.cookie.BrowserCompatSpecFactoryHC4
org.apache.http.impl.cookie.BrowserCompatSpecFactoryHC4$SecurityLevel
org.apache.http.impl.cookie.BrowserCompatSpecHC4
org.apache.http.impl.cookie.BrowserCompatSpecHC4$1
org.apache.http.impl.cookie.BrowserCompatSpecHC4$2
org.apache.http.impl.cookie.BrowserCompatVersionAttributeHandler
org.apache.http.impl.cookie.CookieSpecBaseHC4
org.apache.http.impl.cookie.IgnoreSpec
org.apache.http.impl.cookie.IgnoreSpecFactory
org.apache.http.impl.cookie.NetscapeDomainHandlerHC4
org.apache.http.impl.cookie.NetscapeDraftHeaderParserHC4
org.apache.http.impl.cookie.NetscapeDraftSpecFactoryHC4
org.apache.http.impl.cookie.NetscapeDraftSpecHC4
org.apache.http.impl.cookie.PublicSuffixFilterHC4
org.apache.http.impl.cookie.PublicSuffixListParserHC4
org.apache.http.impl.cookie.RFC2109DomainHandlerHC4
org.apache.http.impl.cookie.RFC2109SpecFactoryHC4
org.apache.http.impl.cookie.RFC2109SpecHC4
org.apache.http.impl.cookie.RFC2109VersionHandlerHC4
org.apache.http.impl.cookie.RFC2965CommentUrlAttributeHandlerHC4
org.apache.http.impl.cookie.RFC2965DiscardAttributeHandlerHC4
org.apache.http.impl.cookie.RFC2965DomainAttributeHandlerHC4
org.apache.http.impl.cookie.RFC2965PortAttributeHandlerHC4
org.apache.http.impl.cookie.RFC2965SpecFactoryHC4
org.apache.http.impl.cookie.RFC2965SpecHC4
org.apache.http.impl.cookie.RFC2965VersionAttributeHandlerHC4
org.apache.http.impl.entity.DisallowIdentityContentLengthStrategy
org.apache.http.impl.entity.LaxContentLengthStrategyHC4
org.apache.http.impl.entity.StrictContentLengthStrategyHC4
org.apache.http.impl.execchain.BackoffStrategyExec
org.apache.http.impl.execchain.ClientExecChain
org.apache.http.impl.execchain.ConnectionHolder
org.apache.http.impl.execchain.HttpResponseProxy
org.apache.http.impl.execchain.MainClientExec
org.apache.http.impl.execchain.MinimalClientExec
org.apache.http.impl.execchain.ProtocolExec
org.apache.http.impl.execchain.RedirectExec
org.apache.http.impl.execchain.RequestAbortedException
org.apache.http.impl.execchain.RequestEntityProxy
org.apache.http.impl.execchain.ResponseEntityProxy
org.apache.http.impl.execchain.RetryExec
org.apache.http.impl.execchain.ServiceUnavailableRetryExec
org.apache.http.impl.execchain.TunnelRefusedException
org.apache.http.impl.io.AbstractMessageParserHC4
org.apache.http.impl.io.AbstractMessageWriterHC4
org.apache.http.impl.io.ChunkedInputStreamHC4
org.apache.http.impl.io.ChunkedOutputStreamHC4
org.apache.http.impl.io.ContentLengthInputStreamHC4
org.apache.http.impl.io.ContentLengthOutputStreamHC4
org.apache.http.impl.io.DefaultHttpRequestParser